<?xml version="1.0" encoding="UTF-8"?>
<!-- Generated by org.testng.reporters.JUnitReportReporter -->
<testsuite hostname="DESKTOP-M77CS71" failures="0" tests="1" name="com.RightsfuAlly.TestCases.SignInViaSMS" time="101.196" errors="0" timestamp="2022-12-19T21:26:26 IST" skipped="0">
  <testcase classname="com.RightsfuAlly.TestCases.SignInViaSMS" name="signInViaSmsWithEmailVerification" time="101.196"/>
  <system-out/>
</testsuite> <!-- com.RightsfuAlly.TestCases.SignInViaSMS -->
