<?xml version="1.0" encoding="UTF-8"?>
<!-- Generated by org.testng.reporters.JUnitReportReporter -->
<testsuite hostname="DESKTOP-M77CS71" failures="0" tests="1" name="com.RightsfuAlly.TestCases.LogInPage" time="2.957" errors="0" timestamp="2022-11-03T12:32:30 IST" skipped="0">
  <testcase classname="com.RightsfuAlly.TestCases.LogInPage" name="signInViaSms" time="2.957"/>
  <system-out/>
</testsuite> <!-- com.RightsfuAlly.TestCases.LogInPage -->
