<?xml version="1.0" encoding="UTF-8"?>
<!-- Generated by org.testng.reporters.JUnitReportReporter -->
<testsuite hostname="DESKTOP-M77CS71" failures="0" tests="1" name="com.RightsfuAlly.TestCases.SignInViaSMSDataDriven2" time="52.191" errors="0" timestamp="2022-12-08T20:40:51 IST" skipped="0">
  <testcase classname="com.RightsfuAlly.TestCases.SignInViaSMSDataDriven2" name="signInViaSmsByAssociatedUnverifiedContact" time="52.191"/>
  <system-out/>
</testsuite> <!-- com.RightsfuAlly.TestCases.SignInViaSMSDataDriven2 -->
