<?xml version="1.0" encoding="UTF-8"?>
<!-- Generated by org.testng.reporters.JUnitReportReporter -->
<testsuite hostname="DESKTOP-M77CS71" failures="0" tests="2" name="com.RightsfuAlly.TestCases.SignInViaEmailWithMobileVerificationLater" time="109.299" errors="0" timestamp="2022-12-19T21:02:03 IST" skipped="0">
  <testcase classname="com.RightsfuAlly.TestCases.SignInViaEmailWithMobileVerificationLater" name="signInViaEmailWithMobileVerificationLaterByNewOrVerifiedEmailAndVerifiedContact" time="56.833"/>
  <system-out/>
  <testcase classname="com.RightsfuAlly.TestCases.SignInViaEmailWithMobileVerificationLater" name="signInViaEmailWithMobileVerificationLaterByNewOrVerifiedEmailAndAssociatedUnverifiedContact" time="52.466"/>
  <system-out/>
</testsuite> <!-- com.RightsfuAlly.TestCases.SignInViaEmailWithMobileVerificationLater -->
