<?xml version="1.0" encoding="UTF-8"?>
<!-- Generated by org.testng.reporters.JUnitReportReporter -->
<testsuite hostname="DESKTOP-M77CS71" failures="0" tests="1" name="com.RightsfuAlly.TestCases.openURL" time="2.334" errors="0" timestamp="2022-11-09T16:20:17 IST" skipped="0">
  <testcase classname="com.RightsfuAlly.TestCases.openURL" name="LoginDataProvider1" time="2.334"/>
  <system-out/>
</testsuite> <!-- com.RightsfuAlly.TestCases.openURL -->
