<?xml version="1.0" encoding="UTF-8"?>
<!-- Generated by org.testng.reporters.JUnitReportReporter -->
<testsuite hostname="DESKTOP-M77CS71" failures="0" tests="2" name="com.RightsfuAlly.TestCases.NewUserSignInUsingContactNumberAndEmailVerificationAlsoDone" time="135.028" errors="0" timestamp="2022-11-07T17:39:46 IST" skipped="0">
  <testcase classname="com.RightsfuAlly.TestCases.NewUserSignInUsingContactNumberAndEmailVerificationAlsoDone" name="newUserSignInUsingContactNumberAndEmailVerificationLater" time="60.836"/>
  <system-out/>
  <testcase classname="com.RightsfuAlly.TestCases.NewUserSignInUsingContactNumberAndEmailVerificationAlsoDone" name="newUserSignInUsingContactNumberAndEmailVerificationAlsoDone" time="74.192"/>
  <system-out/>
</testsuite> <!-- com.RightsfuAlly.TestCases.NewUserSignInUsingContactNumberAndEmailVerificationAlsoDone -->
