<?xml version="1.0" encoding="UTF-8"?>
<!-- Generated by org.testng.reporters.JUnitReportReporter -->
<testsuite hostname="DESKTOP-M77CS71" failures="0" tests="1" name="com.RightsfuAlly.TestCases.SignInViaEmail" time="101.782" errors="0" timestamp="2022-12-19T17:09:50 IST" skipped="0">
  <testcase classname="com.RightsfuAlly.TestCases.SignInViaEmail" name="signInViaEmailWithMobileVerification" time="101.782"/>
  <system-out/>
</testsuite> <!-- com.RightsfuAlly.TestCases.SignInViaEmail -->
