<?xml version="1.0" encoding="UTF-8"?>
<!-- Generated by org.testng.reporters.JUnitReportReporter -->
<testsuite hostname="DESKTOP-M77CS71" failures="0" tests="1" name="com.RightsfuAlly.TestCases.SignInViaEmailSDataDriven" time="57.427" errors="0" timestamp="2022-11-24T13:04:24 IST" skipped="0">
  <testcase classname="com.RightsfuAlly.TestCases.SignInViaEmailSDataDriven" name="signInViaSMSWithoutMobileVerification" time="57.427"/>
  <system-out/>
</testsuite> <!-- com.RightsfuAlly.TestCases.SignInViaEmailSDataDriven -->
