<?xml version="1.0" encoding="UTF-8"?>
<!-- Generated by org.testng.reporters.JUnitReportReporter -->
<testsuite hostname="DESKTOP-M77CS71" failures="0" tests="1" name="com.RightsfuAlly.TestCases.NewUserSignInUsingContactNumberAndEmailVerificationLater" time="42.716" errors="0" timestamp="2022-11-07T09:18:44 IST" skipped="0">
  <testcase classname="com.RightsfuAlly.TestCases.NewUserSignInUsingContactNumberAndEmailVerificationLater" name="newUserSignInUsingContactNumberAndEmailVerificationLater" time="42.716"/>
  <system-out/>
</testsuite> <!-- com.RightsfuAlly.TestCases.NewUserSignInUsingContactNumberAndEmailVerificationLater -->
