<?xml version="1.0" encoding="UTF-8"?>
<!-- Generated by org.testng.reporters.JUnitReportReporter -->
<testsuite hostname="DESKTOP-M77CS71" failures="0" tests="1" name="com.RightsfuAlly.TestCases.DigitalRightsBaseClass" time="25.431" errors="0" timestamp="2022-11-02T23:46:47 IST" skipped="0">
  <testcase classname="com.RightsfuAlly.TestCases.DigitalRightsBaseClass" name="urlSetUp" time="25.431"/>
  <system-out/>
</testsuite> <!-- com.RightsfuAlly.TestCases.DigitalRightsBaseClass -->
