<?xml version="1.0" encoding="UTF-8"?>
<!-- Generated by org.testng.reporters.JUnitReportReporter -->
<testsuite hostname="DESKTOP-M77CS71" failures="0" tests="1" name="com.RightsfuAlly.TestCases.SignInViaSmsWithEmailVerification" time="68.426" errors="0" timestamp="2022-12-22T11:39:08 IST" skipped="0">
  <testcase classname="com.RightsfuAlly.TestCases.SignInViaSmsWithEmailVerification" name="signInViaSmsByExistingContact" time="68.426"/>
  <system-out/>
</testsuite> <!-- com.RightsfuAlly.TestCases.SignInViaSmsWithEmailVerification -->
